0 info it worked if it ends with ok
1 verbose cli [ '/usr/bin/nodejs', '/usr/bin/npm', 'start' ]
2 info using npm@2.15.8
3 info using node@v4.4.7
4 warn invalid config https-proxy=""
5 warn invalid config Must be a full url with 'http://'
6 verbose run-script [ 'prestart', 'start', 'poststart' ]
7 info prestart grg@0.0.0
8 info start grg@0.0.0
9 verbose unsafe-perm in lifecycle true
10 info grg@0.0.0 Failed to exec start script
11 verbose stack Error: grg@0.0.0 start: `node ./bin/www`
11 verbose stack Exit status 1
11 verbose stack     at EventEmitter.<anonymous> (/usr/lib/node_modules/npm/lib/utils/lifecycle.js:217:16)
11 verbose stack     at emitTwo (events.js:87:13)
11 verbose stack     at EventEmitter.emit (events.js:172:7)
11 verbose stack     at ChildProcess.<anonymous> (/usr/lib/node_modules/npm/lib/utils/spawn.js:24:14)
11 verbose stack     at emitTwo (events.js:87:13)
11 verbose stack     at ChildProcess.emit (events.js:172:7)
11 verbose stack     at maybeClose (internal/child_process.js:827:16)
11 verbose stack     at Process.ChildProcess._handle.onexit (internal/child_process.js:211:5)
12 verbose pkgid grg@0.0.0
13 verbose cwd /media/rishabh/New Volume1/muskertkart/grg
14 error Linux 4.2.0-35-generic
15 error argv "/usr/bin/nodejs" "/usr/bin/npm" "start"
16 error node v4.4.7
17 error npm  v2.15.8
18 error code ELIFECYCLE
19 error grg@0.0.0 start: `node ./bin/www`
19 error Exit status 1
20 error Failed at the grg@0.0.0 start script 'node ./bin/www'.
20 error This is most likely a problem with the grg package,
20 error not with npm itself.
20 error Tell the author that this fails on your system:
20 error     node ./bin/www
20 error You can get information on how to open an issue for this project with:
20 error     npm bugs grg
20 error Or if that isn't available, you can get their info via:
20 error
20 error     npm owner ls grg
20 error There is likely additional logging output above.
21 verbose exit [ 1, true ]
